This is pdfTeX, Version 3.141592653-2.6-1.40.28 (TeX Live 2025/Debian) (preloaded format=pdflatex 2026.5.1)  3 MAY 2026 22:32
entering extended mode
 restricted \write18 enabled.
 file:line:error style messages enabled.
 %&-line parsing enabled.
**/home/dieudonne/MSIT/sem2/Data_Science/diabetes_report.tex
(/home/dieudonne/MSIT/sem2/Data_Science/diabetes_report.tex
LaTeX2e <2025-11-01>
L3 programming layer <2026-01-19>
(/usr/share/texlive/texmf-dist/tex/latex/base/article.cls
Document Class: article 2025/01/22 v1.4n Standard LaTeX document class
(/usr/share/texlive/texmf-dist/tex/latex/base/size12.clo
File: size12.clo 2025/01/22 v1.4n Standard LaTeX file (size option)
)
\c@part=\count275
\c@section=\count276
\c@subsection=\count277
\c@subsubsection=\count278
\c@paragraph=\count279
\c@subparagraph=\count280
\c@figure=\count281
\c@table=\count282
\abovecaptionskip=\skip49
\belowcaptionskip=\skip50
\bibindent=\dimen148
) (/usr/share/texlive/texmf-dist/tex/latex/base/inputenc.sty
Package: inputenc 2024/02/08 v1.3d Input encoding file
\inpenc@prehook=\toks17
\inpenc@posthook=\toks18
) (/usr/share/texlive/texmf-dist/tex/latex/base/fontenc.sty
Package: fontenc 2025/07/18 v2.1d Standard LaTeX package
) (/usr/share/texlive/texmf-dist/tex/latex/geometry/geometry.sty
Package: geometry 2020/01/02 v5.9 Page Geometry
 (/usr/share/texlive/texmf-dist/tex/latex/graphics/keyval.sty
Package: keyval 2022/05/29 v1.15 key=value parser (DPC)
\KV@toks@=\toks19
) (/usr/share/texlive/texmf-dist/tex/generic/iftex/ifvtex.sty
Package: ifvtex 2019/10/25 v1.7 ifvtex legacy package. Use iftex instead.
 (/usr/share/texlive/texmf-dist/tex/generic/iftex/iftex.sty
Package: iftex 2024/12/12 v1.0g TeX engine tests
))
\Gm@cnth=\count283
\Gm@cntv=\count284
\c@Gm@tempcnt=\count285
\Gm@bindingoffset=\dimen149
\Gm@wd@mp=\dimen150
\Gm@odd@mp=\dimen151
\Gm@even@mp=\dimen152
\Gm@layoutwidth=\dimen153
\Gm@layoutheight=\dimen154
\Gm@layouthoffset=\dimen155
\Gm@layoutvoffset=\dimen156
\Gm@dimlist=\toks20
) (/usr/share/texlive/texmf-dist/tex/latex/graphics/graphicx.sty
Package: graphicx 2024/12/31 v1.2e Enhanced LaTeX Graphics (DPC,SPQR)
 (/usr/share/texlive/texmf-dist/tex/latex/graphics/graphics.sty
Package: graphics 2024/08/06 v1.4g Standard LaTeX Graphics (DPC,SPQR)
 (/usr/share/texlive/texmf-dist/tex/latex/graphics/trig.sty
Package: trig 2023/12/02 v1.11 sin cos tan (DPC)
) (/usr/share/texlive/texmf-dist/tex/latex/graphics-cfg/graphics.cfg
File: graphics.cfg 2016/06/04 v1.11 sample graphics configuration
)
Package graphics Info: Driver file: pdftex.def on input line 106.
 (/usr/share/texlive/texmf-dist/tex/latex/graphics-def/pdftex.def
File: pdftex.def 2025/09/29 v1.2d Graphics/color driver for pdftex
))
\Gin@req@height=\dimen157
\Gin@req@width=\dimen158
) (/usr/share/texlive/texmf-dist/tex/latex/natbib/natbib.sty
Package: natbib 2010/09/13 8.31b (PWD, AO)
\bibhang=\skip51
\bibsep=\skip52
LaTeX Info: Redefining \cite on input line 694.
\c@NAT@ctr=\count286
) (/usr/share/texlive/texmf-dist/tex/latex/setspace/setspace.sty
Package: setspace 2022/12/04 v6.7b set line spacing
) (/usr/share/texlive/texmf-dist/tex/latex/parskip/parskip.sty
Package: parskip 2021-03-14 v2.0h non-zero parskip adjustments
 (/usr/share/texlive/texmf-dist/tex/latex/kvoptions/kvoptions.sty
Package: kvoptions 2022-06-15 v3.15 Key value format for package options (HO)
 (/usr/share/texlive/texmf-dist/tex/generic/ltxcmds/ltxcmds.sty
Package: ltxcmds 2023-12-04 v1.26 LaTeX kernel commands for general use (HO)
) (/usr/share/texlive/texmf-dist/tex/latex/kvsetkeys/kvsetkeys.sty
Package: kvsetkeys 2022-10-05 v1.19 Key value parser (HO)
)) (/usr/share/texlive/texmf-dist/tex/latex/etoolbox/etoolbox.sty
Package: etoolbox 2025/10/02 v2.5m e-TeX tools for LaTeX (JAW)
\etb@tempcnta=\count287
)) (/usr/share/texlive/texmf-dist/tex/latex/psnfss/times.sty
Package: times 2020/03/25 PSNFSS-v9.3 (SPQR) 
) (/usr/share/texlive/texmf-dist/tex/latex/hyperref/hyperref.sty
Package: hyperref 2025-07-12 v7.01o Hypertext links for LaTeX
 (/usr/share/texlive/texmf-dist/tex/generic/kvdefinekeys/kvdefinekeys.sty
Package: kvdefinekeys 2019-12-19 v1.6 Define keys (HO)
) (/usr/share/texlive/texmf-dist/tex/generic/pdfescape/pdfescape.sty
Package: pdfescape 2019/12/09 v1.15 Implements pdfTeX's escape features (HO)
 (/usr/share/texlive/texmf-dist/tex/generic/pdftexcmds/pdftexcmds.sty
Package: pdftexcmds 2020-06-27 v0.33 Utility functions of pdfTeX for LuaTeX (HO)
 (/usr/share/texlive/texmf-dist/tex/generic/infwarerr/infwarerr.sty
Package: infwarerr 2019/12/03 v1.5 Providing info/warning/error messages (HO)
)
Package pdftexcmds Info: \pdf@primitive is available.
Package pdftexcmds Info: \pdf@ifprimitive is available.
Package pdftexcmds Info: \pdfdraftmode found.
)) (/usr/share/texlive/texmf-dist/tex/latex/hycolor/hycolor.sty
Package: hycolor 2020-01-27 v1.10 Color options for hyperref/bookmark (HO)
) (/usr/share/texlive/texmf-dist/tex/latex/hyperref/nameref.sty
Package: nameref 2025-06-21 v2.57 Cross-referencing by name of section
 (/usr/share/texlive/texmf-dist/tex/latex/refcount/refcount.sty
Package: refcount 2019/12/15 v3.6 Data extraction from label references (HO)
) (/usr/share/texlive/texmf-dist/tex/generic/gettitlestring/gettitlestring.sty
Package: gettitlestring 2019/12/15 v1.6 Cleanup title references (HO)
)
\c@section@level=\count288
) (/usr/share/texlive/texmf-dist/tex/generic/stringenc/stringenc.sty
Package: stringenc 2019/11/29 v1.12 Convert strings between diff. encodings (HO)
)
\@linkdim=\dimen159
\Hy@linkcounter=\count289
\Hy@pagecounter=\count290
 (/usr/share/texlive/texmf-dist/tex/latex/hyperref/pd1enc.def
File: pd1enc.def 2025-07-12 v7.01o Hyperref: PDFDocEncoding definition (HO)
Now handling font encoding PD1 ...
... no UTF-8 mapping file for font encoding PD1
) (/usr/share/texlive/texmf-dist/tex/generic/intcalc/intcalc.sty
Package: intcalc 2019/12/15 v1.3 Expandable calculations with integers (HO)
)
\Hy@SavedSpaceFactor=\count291
 (/usr/share/texlive/texmf-dist/tex/latex/hyperref/puenc.def
File: puenc.def 2025-07-12 v7.01o Hyperref: PDF Unicode definition (HO)
Now handling font encoding PU ...
... no UTF-8 mapping file for font encoding PU
)
Package hyperref Info: Hyper figures OFF on input line 4195.
Package hyperref Info: Link nesting OFF on input line 4200.
Package hyperref Info: Hyper index ON on input line 4203.
Package hyperref Info: Plain pages OFF on input line 4210.
Package hyperref Info: Backreferencing OFF on input line 4215.
Package hyperref Info: Implicit mode ON; LaTeX internals redefined.
Package hyperref Info: Bookmarks ON on input line 4462.
\c@Hy@tempcnt=\count292
 (/usr/share/texlive/texmf-dist/tex/latex/url/url.sty
\Urlmuskip=\muskip17
Package: url 2013/09/16  ver 3.4  Verb mode for urls, etc.
)
LaTeX Info: Redefining \url on input line 4801.
\XeTeXLinkMargin=\dimen160
 (/usr/share/texlive/texmf-dist/tex/generic/bitset/bitset.sty
Package: bitset 2019/12/09 v1.3 Handle bit-vector datatype (HO)
 (/usr/share/texlive/texmf-dist/tex/generic/bigintcalc/bigintcalc.sty
Package: bigintcalc 2019/12/15 v1.5 Expandable calculations on big integers (HO)
))
\Fld@menulength=\count293
\Field@Width=\dimen161
\Fld@charsize=\dimen162
Package hyperref Info: Hyper figures OFF on input line 6078.
Package hyperref Info: Link nesting OFF on input line 6083.
Package hyperref Info: Hyper index ON on input line 6086.
Package hyperref Info: backreferencing OFF on input line 6093.
Package hyperref Info: Link coloring OFF on input line 6098.
Package hyperref Info: Link coloring with OCG OFF on input line 6103.
Package hyperref Info: PDF/A mode OFF on input line 6108.
\Hy@abspage=\count294
\c@Item=\count295
\c@Hfootnote=\count296
)
Package hyperref Info: Driver (autodetected): hpdftex.
 (/usr/share/texlive/texmf-dist/tex/latex/hyperref/hpdftex.def
File: hpdftex.def 2025-07-12 v7.01o Hyperref driver for pdfTeX
\Fld@listcount=\count297
\c@bookmark@seq@number=\count298
 (/usr/share/texlive/texmf-dist/tex/latex/rerunfilecheck/rerunfilecheck.sty
Package: rerunfilecheck 2025-06-21 v1.11 Rerun checks for auxiliary files (HO)
 (/usr/share/texlive/texmf-dist/tex/generic/uniquecounter/uniquecounter.sty
Package: uniquecounter 2019/12/15 v1.4 Provide unlimited unique counter (HO)
)
Package uniquecounter Info: New unique counter `rerunfilecheck' on input line 284.
)
\Hy@SectionHShift=\skip53
) (/usr/share/texlive/texmf-dist/tex/latex/tocloft/tocloft.sty
Package: tocloft 2017/08/31 v2.3i parameterised ToC, etc., typesetting
Package tocloft Info: The document has section divisions on input line 51.
\cftparskip=\skip54
\cftbeforetoctitleskip=\skip55
\cftaftertoctitleskip=\skip56
\cftbeforepartskip=\skip57
\cftpartnumwidth=\skip58
\cftpartindent=\skip59
\cftbeforesecskip=\skip60
\cftsecindent=\skip61
\cftsecnumwidth=\skip62
\cftbeforesubsecskip=\skip63
\cftsubsecindent=\skip64
\cftsubsecnumwidth=\skip65
\cftbeforesubsubsecskip=\skip66
\cftsubsubsecindent=\skip67
\cftsubsubsecnumwidth=\skip68
\cftbeforeparaskip=\skip69
\cftparaindent=\skip70
\cftparanumwidth=\skip71
\cftbeforesubparaskip=\skip72
\cftsubparaindent=\skip73
\cftsubparanumwidth=\skip74
\cftbeforeloftitleskip=\skip75
\cftafterloftitleskip=\skip76
\cftbeforefigskip=\skip77
\cftfigindent=\skip78
\cftfignumwidth=\skip79
\c@lofdepth=\count299
\c@lotdepth=\count300
\cftbeforelottitleskip=\skip80
\cftafterlottitleskip=\skip81
\cftbeforetabskip=\skip82
\cfttabindent=\skip83
\cfttabnumwidth=\skip84


Package tocloft Warning: \@starttoc has already been redefined; tocloft bailing out. on input line 1156.

) (/usr/share/texlive/texmf-dist/tex/latex/titlesec/titlesec.sty
Package: titlesec 2025/01/04 v2.17 Sectioning titles
\ttl@box=\box53
\beforetitleunit=\skip85
\aftertitleunit=\skip86
\ttl@plus=\dimen163
\ttl@minus=\dimen164
\ttl@toksa=\toks21
\titlewidth=\dimen165
\titlewidthlast=\dimen166
\titlewidthfirst=\dimen167
) (/usr/share/texlive/texmf-dist/tex/latex/xcolor/xcolor.sty
Package: xcolor 2024/09/29 v3.02 LaTeX color extensions (UK)
 (/usr/share/texlive/texmf-dist/tex/latex/graphics-cfg/color.cfg
File: color.cfg 2016/01/02 v1.6 sample color configuration
)
Package xcolor Info: Driver file: pdftex.def on input line 274.
 (/usr/share/texlive/texmf-dist/tex/latex/graphics/mathcolor.ltx)
Package xcolor Info: Model `cmy' substituted by `cmy0' on input line 1349.
Package xcolor Info: Model `hsb' substituted by `rgb' on input line 1353.
Package xcolor Info: Model `RGB' extended on input line 1365.
Package xcolor Info: Model `HTML' substituted by `rgb' on input line 1367.
Package xcolor Info: Model `Hsb' substituted by `hsb' on input line 1368.
Package xcolor Info: Model `tHsb' substituted by `hsb' on input line 1369.
Package xcolor Info: Model `HSB' substituted by `hsb' on input line 1370.
Package xcolor Info: Model `Gray' substituted by `gray' on input line 1371.
Package xcolor Info: Model `wave' substituted by `hsb' on input line 1372.
) (/usr/share/texlive/texmf-dist/tex/latex/colortbl/colortbl.sty
Package: colortbl 2024/10/29 v1.0k Color table columns (DPC)
 (/usr/share/texlive/texmf-dist/tex/latex/tools/array.sty
Package: array 2025/09/25 v2.6n Tabular extension package (FMi)
\col@sep=\dimen168
\ar@mcellbox=\box54
\extrarowheight=\dimen169
\NC@list=\toks22
\extratabsurround=\skip87
\backup@length=\skip88
\ar@cellbox=\box55
)
\everycr=\toks23
\minrowclearance=\skip89
\rownum=\count301
) (/usr/share/texlive/texmf-dist/tex/latex/tools/longtable.sty
Package: longtable 2025-10-13 v4.24 Multi-page Table package (DPC)
\LTleft=\skip90
\LTright=\skip91
\LTpre=\skip92
\LTpost=\skip93
\LTchunksize=\count302
\LTcapwidth=\dimen170
\LT@head=\box56
\LT@firsthead=\box57
\LT@foot=\box58
\LT@lastfoot=\box59
\LT@gbox=\box60
\LT@cols=\count303
\LT@rows=\count304
\c@LT@tables=\count305
\c@LT@chunks=\count306
\LT@p@ftn=\toks24
) (/usr/share/texlive/texmf-dist/tex/latex/caption/caption.sty
Package: caption 2023/08/05 v3.6o Customizing captions (AR)
 (/usr/share/texlive/texmf-dist/tex/latex/caption/caption3.sty
Package: caption3 2023/07/31 v2.4d caption3 kernel (AR)
\caption@tempdima=\dimen171
\captionmargin=\dimen172
\caption@leftmargin=\dimen173
\caption@rightmargin=\dimen174
\caption@width=\dimen175
\caption@indent=\dimen176
\caption@parindent=\dimen177
\caption@hangindent=\dimen178
Package caption Info: Standard document class detected.
)
\c@caption@flags=\count307
\c@continuedfloat=\count308
Package caption Info: hyperref package is loaded.
Package caption Info: longtable package is loaded.
 (/usr/share/texlive/texmf-dist/tex/latex/caption/ltcaption.sty
Package: ltcaption 2021/01/08 v1.4c longtable captions (AR)
)) (/usr/share/texlive/texmf-dist/tex/latex/caption/subcaption.sty
Package: subcaption 2023/07/28 v1.6b Sub-captions (AR)
Package caption Info: New subtype `subfigure' on input line 238.
\c@subfigure=\count309
Package caption Info: New subtype `subtable' on input line 238.
\c@subtable=\count310
) (/usr/share/texlive/texmf-dist/tex/latex/float/float.sty
Package: float 2001/11/08 v1.3d Float enhancements (AL)
\c@float@type=\count311
\float@exts=\toks25
\float@box=\box61
\@float@everytoks=\toks26
\@floatcapt=\box62
) (/usr/share/texlive/texmf-dist/tex/latex/ragged2e/ragged2e.sty
Package: ragged2e 2023/06/22 v3.6 ragged2e Package
\CenteringLeftskip=\skip94
\RaggedLeftLeftskip=\skip95
\RaggedRightLeftskip=\skip96
\CenteringRightskip=\skip97
\RaggedLeftRightskip=\skip98
\RaggedRightRightskip=\skip99
\CenteringParfillskip=\skip100
\RaggedLeftParfillskip=\skip101
\RaggedRightParfillskip=\skip102
\JustifyingParfillskip=\skip103
\CenteringParindent=\skip104
\RaggedLeftParindent=\skip105
\RaggedRightParindent=\skip106
\JustifyingParindent=\skip107
) (/usr/share/texlive/texmf-dist/tex/latex/booktabs/booktabs.sty
Package: booktabs 2020/01/12 v1.61803398 Publication quality tables
\heavyrulewidth=\dimen179
\lightrulewidth=\dimen180
\cmidrulewidth=\dimen181
\belowrulesep=\dimen182
\belowbottomsep=\dimen183
\aboverulesep=\dimen184
\abovetopsep=\dimen185
\cmidrulesep=\dimen186
\cmidrulekern=\dimen187
\defaultaddspace=\dimen188
\@cmidla=\count312
\@cmidlb=\count313
\@aboverulesep=\dimen189
\@belowrulesep=\dimen190
\@thisruleclass=\count314
\@lastruleclass=\count315
\@thisrulewidth=\dimen191
) (/usr/share/texlive/texmf-dist/tex/latex/amsmath/amsmath.sty
Package: amsmath 2025/07/09 v2.17z AMS math features
\@mathmargin=\skip108

For additional information on amsmath, use the `?' option.
(/usr/share/texlive/texmf-dist/tex/latex/amsmath/amstext.sty
Package: amstext 2024/11/17 v2.01 AMS text
 (/usr/share/texlive/texmf-dist/tex/latex/amsmath/amsgen.sty
File: amsgen.sty 1999/11/30 v2.0 generic functions
\@emptytoks=\toks27
\ex@=\dimen192
)) (/usr/share/texlive/texmf-dist/tex/latex/amsmath/amsbsy.sty
Package: amsbsy 1999/11/29 v1.2d Bold Symbols
\pmbraise@=\dimen193
) (/usr/share/texlive/texmf-dist/tex/latex/amsmath/amsopn.sty
Package: amsopn 2022/04/08 v2.04 operator names
)
\inf@bad=\count316
LaTeX Info: Redefining \frac on input line 233.
\uproot@=\count317
\leftroot@=\count318
LaTeX Info: Redefining \overline on input line 398.
LaTeX Info: Redefining \colon on input line 409.
\classnum@=\count319
\DOTSCASE@=\count320
LaTeX Info: Redefining \ldots on input line 495.
LaTeX Info: Redefining \dots on input line 498.
LaTeX Info: Redefining \cdots on input line 619.
\Mathstrutbox@=\box63
\strutbox@=\box64
LaTeX Info: Redefining \big on input line 721.
LaTeX Info: Redefining \Big on input line 722.
LaTeX Info: Redefining \bigg on input line 723.
LaTeX Info: Redefining \Bigg on input line 724.
\big@size=\dimen194
LaTeX Font Info:    Redeclaring font encoding OML on input line 742.
LaTeX Font Info:    Redeclaring font encoding OMS on input line 743.
\macc@depth=\count321
LaTeX Info: Redefining \bmod on input line 904.
LaTeX Info: Redefining \pmod on input line 909.
LaTeX Info: Redefining \smash on input line 939.
LaTeX Info: Redefining \relbar on input line 969.
LaTeX Info: Redefining \Relbar on input line 970.
\c@MaxMatrixCols=\count322
\dotsspace@=\muskip18
\c@parentequation=\count323
\dspbrk@lvl=\count324
\tag@help=\toks28
\row@=\count325
\column@=\count326
\maxfields@=\count327
\andhelp@=\toks29
\eqnshift@=\dimen195
\alignsep@=\dimen196
\tagshift@=\dimen197
\tagwidth@=\dimen198
\totwidth@=\dimen199
\lineht@=\dimen256
\@envbody=\toks30
\multlinegap=\skip109
\multlinetaggap=\skip110
\mathdisplay@stack=\toks31
LaTeX Info: Redefining \[ on input line 2950.
LaTeX Info: Redefining \] on input line 2951.
) (/usr/share/texlive/texmf-dist/tex/latex/listings/listings.sty
\lst@mode=\count328
\lst@gtempboxa=\box65
\lst@token=\toks32
\lst@length=\count329
\lst@currlwidth=\dimen257
\lst@column=\count330
\lst@pos=\count331
\lst@lostspace=\dimen258
\lst@width=\dimen259
\lst@newlines=\count332
\lst@lineno=\count333
\lst@maxwidth=\dimen260
 (/usr/share/texlive/texmf-dist/tex/latex/listings/lstpatch.sty
File: lstpatch.sty 2025/11/14 1.11b (Carsten Heinz)
) (/usr/share/texlive/texmf-dist/tex/latex/listings/lstmisc.sty
File: lstmisc.sty 2025/11/14 1.11b (Carsten Heinz)
\c@lstnumber=\count334
\lst@skipnumbers=\count335
\lst@framebox=\box66
) (/usr/share/texlive/texmf-dist/tex/latex/listings/listings.cfg
File: listings.cfg 2025/11/14 1.11b listings configuration
))
Package: listings 2025/11/14 1.11b (Carsten Heinz)

==> First Aid for listings.sty no longer applied!
    Expected:
        2024/09/23 1.10c (Carsten Heinz)
    but found:
        2025/11/14 1.11b (Carsten Heinz)
    so I'm assuming it got fixed.
(/usr/share/texlive/texmf-dist/tex/latex/fancyhdr/fancyhdr.sty
Package: fancyhdr 2025/02/07 v5.2 Extensive control of page headers and footers
\f@nch@headwidth=\skip111
\f@nch@offset@elh=\skip112
\f@nch@offset@erh=\skip113
\f@nch@offset@olh=\skip114
\f@nch@offset@orh=\skip115
\f@nch@offset@elf=\skip116
\f@nch@offset@erf=\skip117
\f@nch@offset@olf=\skip118
\f@nch@offset@orf=\skip119
\f@nch@height=\skip120
\f@nch@footalignment=\skip121
\f@nch@widthL=\skip122
\f@nch@widthC=\skip123
\f@nch@widthR=\skip124
\@temptokenb=\toks33
)
Package hyperref Info: Option `colorlinks' set `true' on input line 87.
 (/usr/share/texlive/texmf-dist/tex/latex/listings/lstlang1.sty
File: lstlang1.sty 2025/11/14 1.11b listings language file
)
LaTeX Font Info:    Trying to load font information for T1+ptm on input line 117.
 (/usr/share/texlive/texmf-dist/tex/latex/psnfss/t1ptm.fd
File: t1ptm.fd 2001/06/04 font definitions for T1/ptm.
) (/usr/share/texlive/texmf-dist/tex/latex/l3backend/l3backend-pdftex.def
File: l3backend-pdftex.def 2025-10-09 L3 backend support: PDF output (pdfTeX)
\l__color_backend_stack_int=\count336
) (./diabetes_report.aux)
\openout1 = `diabetes_report.aux'.

LaTeX Font Info:    Checking defaults for OML/cmm/m/it on input line 117.
LaTeX Font Info:    ... okay on input line 117.
LaTeX Font Info:    Checking defaults for OMS/cmsy/m/n on input line 117.
LaTeX Font Info:    ... okay on input line 117.
LaTeX Font Info:    Checking defaults for OT1/cmr/m/n on input line 117.
LaTeX Font Info:    ... okay on input line 117.
LaTeX Font Info:    Checking defaults for T1/cmr/m/n on input line 117.
LaTeX Font Info:    ... okay on input line 117.
LaTeX Font Info:    Checking defaults for TS1/cmr/m/n on input line 117.
LaTeX Font Info:    ... okay on input line 117.
LaTeX Font Info:    Checking defaults for OMX/cmex/m/n on input line 117.
LaTeX Font Info:    ... okay on input line 117.
LaTeX Font Info:    Checking defaults for U/cmr/m/n on input line 117.
LaTeX Font Info:    ... okay on input line 117.
LaTeX Font Info:    Checking defaults for PD1/pdf/m/n on input line 117.
LaTeX Font Info:    ... okay on input line 117.
LaTeX Font Info:    Checking defaults for PU/pdf/m/n on input line 117.
LaTeX Font Info:    ... okay on input line 117.

*geometry* driver: auto-detecting
*geometry* detected driver: pdftex
*geometry* verbose mode - [ preamble ] result:
* driver: pdftex
* paper: a4paper
* layout: <same size as paper>
* layoutoffset:(h,v)=(0.0pt,0.0pt)
* modes: 
* h-part:(L,W,R)=(108.405pt, 416.83289pt, 72.26999pt)
* v-part:(T,H,B)=(72.26999pt, 700.50687pt, 72.26999pt)
* \paperwidth=597.50787pt
* \paperheight=845.04684pt
* \textwidth=416.83289pt
* \textheight=700.50687pt
* \oddsidemargin=36.13501pt
* \evensidemargin=36.13501pt
* \topmargin=-37.0pt
* \headheight=12.0pt
* \headsep=25.0pt
* \topskip=12.0pt
* \footskip=30.0pt
* \marginparwidth=44.0pt
* \marginparsep=10.0pt
* \columnsep=10.0pt
* \skip\footins=10.8pt plus 4.0pt minus 2.0pt
* \hoffset=0.0pt
* \voffset=0.0pt
* \mag=1000
* \@twocolumnfalse
* \@twosidefalse
* \@mparswitchfalse
* \@reversemarginfalse
* (1in=72.27pt=25.4mm, 1cm=28.453pt)

(/usr/share/texlive/texmf-dist/tex/context/base/mkii/supp-pdf.mkii
[Loading MPS to PDF converter (version 2006.09.02).]
\scratchcounter=\count337
\scratchdimen=\dimen261
\scratchbox=\box67
\nofMPsegments=\count338
\nofMParguments=\count339
\everyMPshowfont=\toks34
\MPscratchCnt=\count340
\MPscratchDim=\dimen262
\MPnumerator=\count341
\makeMPintoPDFobject=\count342
\everyMPtoPDFconversion=\toks35
) (/usr/share/texlive/texmf-dist/tex/latex/epstopdf-pkg/epstopdf-base.sty
Package: epstopdf-base 2020-01-24 v2.11 Base part for package epstopdf
Package epstopdf-base Info: Redefining graphics rule for `.eps' on input line 485.
 (/usr/share/texlive/texmf-dist/tex/latex/latexconfig/epstopdf-sys.cfg
File: epstopdf-sys.cfg 2010/07/13 v1.3 Configuration of (r)epstopdf for TeX Live
))
Package hyperref Info: Link coloring ON on input line 117.
\@outlinefile=\write3
\openout3 = `diabetes_report.out'.

Package caption Info: Begin \AtBeginDocument code.
Package caption Info: float package is loaded.
Package caption Info: listings package is loaded.
Package caption Info: End \AtBeginDocument code.
\c@lstlisting=\count343
<./images/strathmore_logo.png, id=4, 324.21124pt x 156.585pt>
File: ./images/strathmore_logo.png Graphic file (type png)
<use ./images/strathmore_logo.png>
Package pdftex.def Info: ./images/strathmore_logo.png  used on input line 128.
(pdftex.def)             Requested size: 91.70374pt x 44.29028pt.
 [1

{/var/lib/texmf/fonts/map/pdftex/updmap/pdftex.map}{/usr/share/texlive/texmf-dist/fonts/enc/dvips/base/8r.enc} <./images/strathmore_logo.png>]
No file diabetes_report.toc.
\tf@toc=\write4
\openout4 = `diabetes_report.toc'.

[2]
No file diabetes_report.lof.
\tf@lof=\write5
\openout5 = `diabetes_report.lof'.

[3]
No file diabetes_report.lot.
\tf@lot=\write6
\openout6 = `diabetes_report.lot'.

[4] [5]

Package natbib Warning: Citation `WHO2023NCD' on page 1 undefined on input line 232.


Package natbib Warning: Citation `IDF2021' on page 1 undefined on input line 233.


Package natbib Warning: Citation `ADA2023Standards' on page 1 undefined on input line 233.


Package natbib Warning: Citation `WHO2023Diabetes' on page 1 undefined on input line 233.


Package natbib Warning: Citation `Brownlee2001' on page 1 undefined on input line 233.


Package natbib Warning: Citation `Forbes2013' on page 1 undefined on input line 233.


Package natbib Warning: Citation `ADA2023Standards' on page 1 undefined on input line 233.


Package natbib Warning: Citation `IDF2021' on page 1 undefined on input line 233.


Package natbib Warning: Citation `Atun2017' on page 1 undefined on input line 233.


Package natbib Warning: Citation `Manne2019' on page 1 undefined on input line 233.


Package natbib Warning: Citation `Harris2000' on page 1 undefined on input line 233.


Package natbib Warning: Citation `Beagley2014' on page 1 undefined on input line 233.


Package natbib Warning: Citation `ADA2018Economics' on page 1 undefined on input line 233.


Package natbib Warning: Citation `Bommer2018' on page 1 undefined on input line 233.


Package natbib Warning: Citation `Kapoor2020' on page 1 undefined on input line 233.


Package natbib Warning: Citation `Rhee2021' on page 1 undefined on input line 233.


Overfull \hbox (1.29208pt too wide) in paragraph at lines 231--234
\T1/ptm/m/n/12 chal-lenges of the 21st cen-tury, ac-count-ing for 74% of global deaths an-nu-ally (\T1/ptm/b/n/12 ?\T1/ptm/m/n/12 ). Among
 []


Package fancyhdr Warning: \headheight is too small (12.0pt): 
(fancyhdr)                Make it at least 14.49998pt, for example:
(fancyhdr)                \setlength{\headheight}{14.49998pt}.
(fancyhdr)                You might also make \topmargin smaller:
(fancyhdr)                \addtolength{\topmargin}{-2.49998pt}.


pdfTeX warning (ext4): destination with the same identifier (name{page.1}) has been already used, duplicate ignored
<to be read again> 
                   \relax 
l.234 
       [1]

LaTeX Warning: Reference `tab:stakeholders' on page 2 undefined on input line 236.


Underfull \hbox (badness 10000) in paragraph at lines 260--260
[]|\T1/ptm/m/n/12 Ministry of Health
 []


Underfull \hbox (badness 10000) in paragraph at lines 268--268
[]|\T1/ptm/m/n/12 Data Sci-en-tists & Re-
 []


Package fancyhdr Warning: \headheight is too small (12.0pt): 
(fancyhdr)                Make it at least 14.49998pt, for example:
(fancyhdr)                \setlength{\headheight}{14.49998pt}.
(fancyhdr)                You might also make \topmargin smaller:
(fancyhdr)                \addtolength{\topmargin}{-2.49998pt}.

[2]

Package natbib Warning: Citation `ADA2018Economics' on page 3 undefined on input line 275.


Package natbib Warning: Citation `zhuo2014' on page 3 undefined on input line 275.


Package natbib Warning: Citation `MOH2018Workforce' on page 3 undefined on input line 275.


Package natbib Warning: Citation `Ogedegbe2014' on page 3 undefined on input line 275.


Package natbib Warning: Citation `MOH2014CHS' on page 3 undefined on input line 275.


Package natbib Warning: Citation `MOH2018UHC' on page 3 undefined on input line 275.


Package natbib Warning: Citation `KenyaConstitution2010' on page 3 undefined on input line 275.


Package natbib Warning: Citation `MOH2014Policy' on page 3 undefined on input line 275.


Package natbib Warning: Citation `UN2015SDG' on page 3 undefined on input line 275.


Package natbib Warning: Citation `WHO2013ActionPlan' on page 3 undefined on input line 275.


Package natbib Warning: Citation `Manya2014' on page 3 undefined on input line 275.


Package natbib Warning: Citation `Barasa2017' on page 3 undefined on input line 275.


Package fancyhdr Warning: \headheight is too small (12.0pt): 
(fancyhdr)                Make it at least 14.49998pt, for example:
(fancyhdr)                \setlength{\headheight}{14.49998pt}.
(fancyhdr)                You might also make \topmargin smaller:
(fancyhdr)                \addtolength{\topmargin}{-2.49998pt}.

[3]

Package natbib Warning: Citation `Smith1988' on page 4 undefined on input line 278.


Package natbib Warning: Citation `Smith1988' on page 4 undefined on input line 278.


Package natbib Warning: Citation `ADA2023Standards' on page 4 undefined on input line 278.


LaTeX Warning: Reference `fig:desc_stats' on page 4 undefined on input line 287.


LaTeX Warning: Reference `tab:variables' on page 4 undefined on input line 287.


Package fancyhdr Warning: \headheight is too small (12.0pt): 
(fancyhdr)                Make it at least 14.49998pt, for example:
(fancyhdr)                \setlength{\headheight}{14.49998pt}.
(fancyhdr)                You might also make \topmargin smaller:
(fancyhdr)                \addtolength{\topmargin}{-2.49998pt}.

[4]
<./images/screenshort1.png, id=55, 635.37375pt x 243.91125pt>
File: ./images/screenshort1.png Graphic file (type png)
<use ./images/screenshort1.png>
Package pdftex.def Info: ./images/screenshort1.png  used on input line 291.
(pdftex.def)             Requested size: 312.62466pt x 120.01627pt.


LaTeX Warning: Reference `tab:missing' on page 5 undefined on input line 317.

<./images/screenshort2.png, id=57, 411.78844pt x 262.73157pt>
File: ./images/screenshort2.png Graphic file (type png)
<use ./images/screenshort2.png>
Package pdftex.def Info: ./images/screenshort2.png  used on input line 321.
(pdftex.def)             Requested size: 312.62466pt x 199.46156pt.

Package fancyhdr Warning: \headheight is too small (12.0pt): 
(fancyhdr)                Make it at least 14.49998pt, for example:
(fancyhdr)                \setlength{\headheight}{14.49998pt}.
(fancyhdr)                You might also make \topmargin smaller:
(fancyhdr)                \addtolength{\topmargin}{-2.49998pt}.

[5 <./images/screenshort1.png>]
<./images/screenshort3.png, id=67, 661.72218pt x 307.1475pt>
File: ./images/screenshort3.png Graphic file (type png)
<use ./images/screenshort3.png>
Package pdftex.def Info: ./images/screenshort3.png  used on input line 343.
(pdftex.def)             Requested size: 312.62466pt x 145.1092pt.
<./images/screenshort7.png, id=68, 375.65344pt x 328.22626pt>
File: ./images/screenshort7.png Graphic file (type png)
<use ./images/screenshort7.png>
Package pdftex.def Info: ./images/screenshort7.png  used on input line 351.
(pdftex.def)             Requested size: 312.62466pt x 273.17395pt.


Package fancyhdr Warning: \headheight is too small (12.0pt): 
(fancyhdr)                Make it at least 14.49998pt, for example:
(fancyhdr)                \setlength{\headheight}{14.49998pt}.
(fancyhdr)                You might also make \topmargin smaller:
(fancyhdr)                \addtolength{\topmargin}{-2.49998pt}.

[6 <./images/screenshort2.png> <./images/screenshort3.png>]
<./images/screenshort4.png, id=78, 291.33844pt x 154.32657pt>
File: ./images/screenshort4.png Graphic file (type png)
<use ./images/screenshort4.png>
Package pdftex.def Info: ./images/screenshort4.png  used on input line 362.
(pdftex.def)             Requested size: 312.62466pt x 165.61522pt.
<./images/screenshort5.png, id=79, 328.97906pt x 152.82094pt>
File: ./images/screenshort5.png Graphic file (type png)
<use ./images/screenshort5.png>
Package pdftex.def Info: ./images/screenshort5.png  used on input line 364.
(pdftex.def)             Requested size: 312.62466pt x 145.22568pt.
<./images/screenshort6.png, id=80, 328.97906pt x 128.73094pt>
File: ./images/screenshort6.png Graphic file (type png)
<use ./images/screenshort6.png>
Package pdftex.def Info: ./images/screenshort6.png  used on input line 366.
(pdftex.def)             Requested size: 312.62466pt x 122.33296pt.


Package fancyhdr Warning: \headheight is too small (12.0pt): 
(fancyhdr)                Make it at least 14.49998pt, for example:
(fancyhdr)                \setlength{\headheight}{14.49998pt}.
(fancyhdr)                You might also make \topmargin smaller:
(fancyhdr)                \addtolength{\topmargin}{-2.49998pt}.

[7 <./images/screenshort7.png>]
<./images/screenshort8.png, id=88, 496.85625pt x 399.74344pt>
File: ./images/screenshort8.png Graphic file (type png)
<use ./images/screenshort8.png>
Package pdftex.def Info: ./images/screenshort8.png  used on input line 376.
(pdftex.def)             Requested size: 312.62466pt x 251.5225pt.


Package fancyhdr Warning: \headheight is too small (12.0pt): 
(fancyhdr)                Make it at least 14.49998pt, for example:
(fancyhdr)                \setlength{\headheight}{14.49998pt}.
(fancyhdr)                You might also make \topmargin smaller:
(fancyhdr)                \addtolength{\topmargin}{-2.49998pt}.

[8 <./images/screenshort4.png> <./images/screenshort5.png> <./images/screenshort6.png>]
LaTeX Font Info:    Trying to load font information for TS1+ptm on input line 389.
 (/usr/share/texlive/texmf-dist/tex/latex/psnfss/ts1ptm.fd
File: ts1ptm.fd 2001/06/04 font definitions for TS1/ptm.
)
<./images/screenshort9.png, id=99, 1086.30844pt x 374.90062pt>
File: ./images/screenshort9.png Graphic file (type png)
<use ./images/screenshort9.png>
Package pdftex.def Info: ./images/screenshort9.png  used on input line 395.
(pdftex.def)             Requested size: 312.62466pt x 107.88892pt.
<./images/screenshort10.png, id=100, 1086.30844pt x 374.90062pt>
File: ./images/screenshort10.png Graphic file (type png)
<use ./images/screenshort10.png>
Package pdftex.def Info: ./images/screenshort10.png  used on input line 396.
(pdftex.def)             Requested size: 312.62466pt x 107.88892pt.


Package fancyhdr Warning: \headheight is too small (12.0pt): 
(fancyhdr)                Make it at least 14.49998pt, for example:
(fancyhdr)                \setlength{\headheight}{14.49998pt}.
(fancyhdr)                You might also make \topmargin smaller:
(fancyhdr)                \addtolength{\topmargin}{-2.49998pt}.

[9 <./images/screenshort8.png>]
<./images/screenshort11.png, id=112, 545.78906pt x 333.49594pt>
File: ./images/screenshort11.png Graphic file (type png)
<use ./images/screenshort11.png>
Package pdftex.def Info: ./images/screenshort11.png  used on input line 408.
(pdftex.def)             Requested size: 312.62466pt x 191.0259pt.
<./images/screenshort12.png, id=113, 1060.71281pt x 575.90157pt>
File: ./images/screenshort12.png Graphic file (type png)
<use ./images/screenshort12.png>
Package pdftex.def Info: ./images/screenshort12.png  used on input line 421.
(pdftex.def)             Requested size: 395.98996pt x 214.99593pt.
<./images/screenshort13.png, id=114, 1085.55562pt x 261.22594pt>
File: ./images/screenshort13.png Graphic file (type png)
<use ./images/screenshort13.png>
Package pdftex.def Info: ./images/screenshort13.png  used on input line 422.
(pdftex.def)             Requested size: 395.98996pt x 95.28886pt.


Package fancyhdr Warning: \headheight is too small (12.0pt): 
(fancyhdr)                Make it at least 14.49998pt, for example:
(fancyhdr)                \setlength{\headheight}{14.49998pt}.
(fancyhdr)                You might also make \topmargin smaller:
(fancyhdr)                \addtolength{\topmargin}{-2.49998pt}.

[10 <./images/screenshort9.png> <./images/screenshort10.png> <./images/screenshort11.png>]
<./images/screenshort14.png, id=128, 1051.67906pt x 572.1375pt>
File: ./images/screenshort14.png Graphic file (type png)
<use ./images/screenshort14.png>
Package pdftex.def Info: ./images/screenshort14.png  used on input line 430.
(pdftex.def)             Requested size: 395.98996pt x 215.42404pt.
<./images/screenshort15.png, id=129, 1061.46562pt x 253.69781pt>
File: ./images/screenshort15.png Graphic file (type png)
<use ./images/screenshort15.png>
Package pdftex.def Info: ./images/screenshort15.png  used on input line 431.
(pdftex.def)             Requested size: 395.98996pt x 94.6448pt.


Package fancyhdr Warning: \headheight is too small (12.0pt): 
(fancyhdr)                Make it at least 14.49998pt, for example:
(fancyhdr)                \setlength{\headheight}{14.49998pt}.
(fancyhdr)                You might also make \topmargin smaller:
(fancyhdr)                \addtolength{\topmargin}{-2.49998pt}.

[11 <./images/screenshort12.png> <./images/screenshort13.png>]
<./images/screenshort16.png, id=137, 822.07124pt x 592.46344pt>
File: ./images/screenshort16.png Graphic file (type png)
<use ./images/screenshort16.png>
Package pdftex.def Info: ./images/screenshort16.png  used on input line 439.
(pdftex.def)             Requested size: 395.98996pt x 285.38269pt.
<./images/screenshort17.png, id=138, 818.30719pt x 203.25937pt>
File: ./images/screenshort17.png Graphic file (type png)
<use ./images/screenshort17.png>
Package pdftex.def Info: ./images/screenshort17.png  used on input line 440.
(pdftex.def)             Requested size: 395.98996pt x 98.36046pt.


Package fancyhdr Warning: \headheight is too small (12.0pt): 
(fancyhdr)                Make it at least 14.49998pt, for example:
(fancyhdr)                \setlength{\headheight}{14.49998pt}.
(fancyhdr)                You might also make \topmargin smaller:
(fancyhdr)                \addtolength{\topmargin}{-2.49998pt}.

[12 <./images/screenshort14.png> <./images/screenshort15.png>]
<./images/screenshort18.png, id=147, 980.91469pt x 608.2725pt>
File: ./images/screenshort18.png Graphic file (type png)
<use ./images/screenshort18.png>
Package pdftex.def Info: ./images/screenshort18.png  used on input line 449.
(pdftex.def)             Requested size: 395.98996pt x 245.55081pt.
<./images/screenshort19.png, id=148, 984.67876pt x 379.4175pt>
File: ./images/screenshort19.png Graphic file (type png)
<use ./images/screenshort19.png>
Package pdftex.def Info: ./images/screenshort19.png  used on input line 450.
(pdftex.def)             Requested size: 395.98996pt x 152.58061pt.


Package fancyhdr Warning: \headheight is too small (12.0pt): 
(fancyhdr)                Make it at least 14.49998pt, for example:
(fancyhdr)                \setlength{\headheight}{14.49998pt}.
(fancyhdr)                You might also make \topmargin smaller:
(fancyhdr)                \addtolength{\topmargin}{-2.49998pt}.

[13 <./images/screenshort16.png> <./images/screenshort17.png>]
<./images/screenshort20.png, id=157, 1069.74657pt x 555.57562pt>
File: ./images/screenshort20.png Graphic file (type png)
<use ./images/screenshort20.png>
Package pdftex.def Info: ./images/screenshort20.png  used on input line 459.
(pdftex.def)             Requested size: 395.98996pt x 205.66148pt.
<./images/screenshort21.png, id=158, 1069.74657pt x 255.20343pt>
File: ./images/screenshort21.png Graphic file (type png)
<use ./images/screenshort21.png>
Package pdftex.def Info: ./images/screenshort21.png  used on input line 460.
(pdftex.def)             Requested size: 395.98996pt x 94.47052pt.


Package fancyhdr Warning: \headheight is too small (12.0pt): 
(fancyhdr)                Make it at least 14.49998pt, for example:
(fancyhdr)                \setlength{\headheight}{14.49998pt}.
(fancyhdr)                You might also make \topmargin smaller:
(fancyhdr)                \addtolength{\topmargin}{-2.49998pt}.

[14 <./images/screenshort18.png> <./images/screenshort19.png>]
<./images/screenshort22.png, id=168, 1070.49937pt x 365.86688pt>
File: ./images/screenshort22.png Graphic file (type png)
<use ./images/screenshort22.png>
Package pdftex.def Info: ./images/screenshort22.png  used on input line 469.
(pdftex.def)             Requested size: 395.98996pt x 135.34071pt.
<./images/screenshort23.png, id=169, 755.82375pt x 613.54219pt>
File: ./images/screenshort23.png Graphic file (type png)
<use ./images/screenshort23.png>
Package pdftex.def Info: ./images/screenshort23.png  used on input line 478.
(pdftex.def)             Requested size: 395.98996pt x 321.44978pt.
<./images/screenshort24.png, id=170, 341.02406pt x 81.30376pt>
File: ./images/screenshort24.png Graphic file (type png)
<use ./images/screenshort24.png>
Package pdftex.def Info: ./images/screenshort24.png  used on input line 479.
(pdftex.def)             Requested size: 395.98996pt x 94.41412pt.


Package fancyhdr Warning: \headheight is too small (12.0pt): 
(fancyhdr)                Make it at least 14.49998pt, for example:
(fancyhdr)                \setlength{\headheight}{14.49998pt}.
(fancyhdr)                You might also make \topmargin smaller:
(fancyhdr)                \addtolength{\topmargin}{-2.49998pt}.

[15 <./images/screenshort20.png> <./images/screenshort21.png> <./images/screenshort22.png>]
<./images/screenshort25.png, id=183, 480.29437pt x 383.93437pt>
File: ./images/screenshort25.png Graphic file (type png)
<use ./images/screenshort25.png>
Package pdftex.def Info: ./images/screenshort25.png  used on input line 487.
(pdftex.def)             Requested size: 395.98996pt x 316.55057pt.


Package fancyhdr Warning: \headheight is too small (12.0pt): 
(fancyhdr)                Make it at least 14.49998pt, for example:
(fancyhdr)                \setlength{\headheight}{14.49998pt}.
(fancyhdr)                You might also make \topmargin smaller:
(fancyhdr)                \addtolength{\topmargin}{-2.49998pt}.

[16 <./images/screenshort23.png> <./images/screenshort24.png>]

Package fancyhdr Warning: \headheight is too small (12.0pt): 
(fancyhdr)                Make it at least 14.49998pt, for example:
(fancyhdr)                \setlength{\headheight}{14.49998pt}.
(fancyhdr)                You might also make \topmargin smaller:
(fancyhdr)                \addtolength{\topmargin}{-2.49998pt}.

[17 <./images/screenshort25.png>]
Overfull \hbox (1.85347pt too wide) in paragraph at lines 504--505
\T1/ptm/m/n/12 among di-a-betic pa-tients is par-tic-u-larly in-for-ma-tive: it in-di-cates that in-sulin re-sis-tance^^Va
 []


Package fancyhdr Warning: \headheight is too small (12.0pt): 
(fancyhdr)                Make it at least 14.49998pt, for example:
(fancyhdr)                \setlength{\headheight}{14.49998pt}.
(fancyhdr)                You might also make \topmargin smaller:
(fancyhdr)                \addtolength{\topmargin}{-2.49998pt}.

[18]

/home/dieudonne/MSIT/sem2/Data_Science/diabetes_report.tex:524: LaTeX Error: Unicode character μ (U+03BC)
               not set up for use with LaTeX.

See the LaTeX manual or LaTeX Companion for explanation.
Type  H <return>  for immediate help.
 ...                                              
                                                  
l.524 ...in} quantifies 2-hour serum insulin in μ
                                                  U/ml (0-846 μU/ml). \text...
You may provide a definition with
\DeclareUnicodeCharacter 


/home/dieudonne/MSIT/sem2/Data_Science/diabetes_report.tex:524: LaTeX Error: Unicode character μ (U+03BC)
               not set up for use with LaTeX.

See the LaTeX manual or LaTeX Companion for explanation.
Type  H <return>  for immediate help.
 ...                                              
                                                  
l.524 ... 2-hour serum insulin in μU/ml (0-846 μ
                                                  U/ml). \textit{BMI} (body ...
You may provide a definition with
\DeclareUnicodeCharacter 


Package fancyhdr Warning: \headheight is too small (12.0pt): 
(fancyhdr)                Make it at least 14.49998pt, for example:
(fancyhdr)                \setlength{\headheight}{14.49998pt}.
(fancyhdr)                You might also make \topmargin smaller:
(fancyhdr)                \addtolength{\topmargin}{-2.49998pt}.

[19]
Overfull \hbox (42.06944pt too wide) in paragraph at lines 530--531
\T1/ptm/m/n/12 The tar-get vari-able fol-lows a Bernoulli dis-tri-bu-tion with prob-a-bil-ity mass func-tion $\OML/cmm/m/it/12 P\OT1/cmr/m/n/12 ([] =
 []


Package fancyhdr Warning: \headheight is too small (12.0pt): 
(fancyhdr)                Make it at least 14.49998pt, for example:
(fancyhdr)                \setlength{\headheight}{14.49998pt}.
(fancyhdr)                You might also make \topmargin smaller:
(fancyhdr)                \addtolength{\topmargin}{-2.49998pt}.

[20]
Overfull \hbox (7.32637pt too wide) in paragraph at lines 554--555
[]\T1/ptm/m/n/12 This re-sult matches the di-rectly com-puted con-di-tional prob-a-bil-ity, val-i-dat-ing the Bayesian
 []


Package fancyhdr Warning: \headheight is too small (12.0pt): 
(fancyhdr)                Make it at least 14.49998pt, for example:
(fancyhdr)                \setlength{\headheight}{14.49998pt}.
(fancyhdr)                You might also make \topmargin smaller:
(fancyhdr)                \addtolength{\topmargin}{-2.49998pt}.

[21]

/home/dieudonne/MSIT/sem2/Data_Science/diabetes_report.tex:558: LaTeX Error: Unicode character μ (U+03BC)
               not set up for use with LaTeX.

See the LaTeX manual or LaTeX Companion for explanation.
Type  H <return>  for immediate help.
 ...                                              
                                                  
l.558 ...g/m², and $E[\text{Insulin}] = 79.80$ μ
                                                  U/ml. However, conditional...
You may provide a definition with
\DeclareUnicodeCharacter 


/home/dieudonne/MSIT/sem2/Data_Science/diabetes_report.tex:558: LaTeX Error: Unicode character μ (U+03BC)
               not set up for use with LaTeX.

See the LaTeX manual or LaTeX Companion for explanation.
Type  H <return>  for immediate help.
 ...                                              
                                                  
l.558 ...lin} \mid \text{No Diabetes}] = 68.79$ μ
                                                  U/ml versus $E[\text{Insul...
You may provide a definition with
\DeclareUnicodeCharacter 


/home/dieudonne/MSIT/sem2/Data_Science/diabetes_report.tex:558: LaTeX Error: Unicode character μ (U+03BC)
               not set up for use with LaTeX.

See the LaTeX manual or LaTeX Companion for explanation.
Type  H <return>  for immediate help.
 ...                                              
                                                  
l.558 ...sulin} \mid \text{Diabetes}] = 100.34$ μ
                                                  U/ml, a difference of 31.5...
You may provide a definition with
\DeclareUnicodeCharacter 


/home/dieudonne/MSIT/sem2/Data_Science/diabetes_report.tex:558: LaTeX Error: Unicode character μ (U+03BC)
               not set up for use with LaTeX.

See the LaTeX manual or LaTeX Companion for explanation.
Type  H <return>  for immediate help.
 ...                                              
                                                  
l.558 ... 100.34$ μU/ml, a difference of 31.55 μ
                                                  U/ml. These large differen...
You may provide a definition with
\DeclareUnicodeCharacter 


Package fancyhdr Warning: \headheight is too small (12.0pt): 
(fancyhdr)                Make it at least 14.49998pt, for example:
(fancyhdr)                \setlength{\headheight}{14.49998pt}.
(fancyhdr)                You might also make \topmargin smaller:
(fancyhdr)                \addtolength{\topmargin}{-2.49998pt}.

[22]

Package fancyhdr Warning: \headheight is too small (12.0pt): 
(fancyhdr)                Make it at least 14.49998pt, for example:
(fancyhdr)                \setlength{\headheight}{14.49998pt}.
(fancyhdr)                You might also make \topmargin smaller:
(fancyhdr)                \addtolength{\topmargin}{-2.49998pt}.

[23]

/home/dieudonne/MSIT/sem2/Data_Science/diabetes_report.tex:608: LaTeX Error: Unicode character μ (U+03BC)
               not set up for use with LaTeX.

See the LaTeX manual or LaTeX Companion for explanation.
Type  H <return>  for immediate help.
 ...                                              
                                                  
l.608 ...patients showed mean insulin of 100.34 μ
                                                  U/ml (SD=138.69), versus 6...
You may provide a definition with
\DeclareUnicodeCharacter 


/home/dieudonne/MSIT/sem2/Data_Science/diabetes_report.tex:608: LaTeX Error: Unicode character μ (U+03BC)
               not set up for use with LaTeX.

See the LaTeX manual or LaTeX Companion for explanation.
Type  H <return>  for immediate help.
 ...                                              
                                                  
l.608 ...00.34 μU/ml (SD=138.69), versus 68.79 μ
                                                  U/ml (SD=98.83) for non-di...
You may provide a definition with
\DeclareUnicodeCharacter 


/home/dieudonne/MSIT/sem2/Data_Science/diabetes_report.tex:610: LaTeX Error: Unicode character μ (U+03BC)
               not set up for use with LaTeX.

See the LaTeX manual or LaTeX Companion for explanation.
Type  H <return>  for immediate help.
 ...                                              
                                                  
l.610 ...evels, with a mean difference of 31.55 μ
                                                  U/ml representing a 45.9\%...
You may provide a definition with
\DeclareUnicodeCharacter 


Package fancyhdr Warning: \headheight is too small (12.0pt): 
(fancyhdr)                Make it at least 14.49998pt, for example:
(fancyhdr)                \setlength{\headheight}{14.49998pt}.
(fancyhdr)                You might also make \topmargin smaller:
(fancyhdr)                \addtolength{\topmargin}{-2.49998pt}.

[24]

Package fancyhdr Warning: \headheight is too small (12.0pt): 
(fancyhdr)                Make it at least 14.49998pt, for example:
(fancyhdr)                \setlength{\headheight}{14.49998pt}.
(fancyhdr)                You might also make \topmargin smaller:
(fancyhdr)                \addtolength{\topmargin}{-2.49998pt}.

[25]
<./images/screenshort26.png, id=255, 501.37312pt x 384.6872pt>
File: ./images/screenshort26.png Graphic file (type png)
<use ./images/screenshort26.png>
Package pdftex.def Info: ./images/screenshort26.png  used on input line 660.
(pdftex.def)             Requested size: 395.98996pt x 303.84671pt.


Package fancyhdr Warning: \headheight is too small (12.0pt): 
(fancyhdr)                Make it at least 14.49998pt, for example:
(fancyhdr)                \setlength{\headheight}{14.49998pt}.
(fancyhdr)                You might also make \topmargin smaller:
(fancyhdr)                \addtolength{\topmargin}{-2.49998pt}.

[26]
<./images/screenshort27.png, id=264, 661.72218pt x 380.17032pt>
File: ./images/screenshort27.png Graphic file (type png)
<use ./images/screenshort27.png>
Package pdftex.def Info: ./images/screenshort27.png  used on input line 668.
(pdftex.def)             Requested size: 395.98996pt x 227.50066pt.
<./images/screenshort30.png, id=265, 575.90157pt x 437.38406pt>
File: ./images/screenshort30.png Graphic file (type png)
<use ./images/screenshort30.png>
Package pdftex.def Info: ./images/screenshort30.png  used on input line 675.
(pdftex.def)             Requested size: 354.31049pt x 269.09972pt.


Package fancyhdr Warning: \headheight is too small (12.0pt): 
(fancyhdr)                Make it at least 14.49998pt, for example:
(fancyhdr)                \setlength{\headheight}{14.49998pt}.
(fancyhdr)                You might also make \topmargin smaller:
(fancyhdr)                \addtolength{\topmargin}{-2.49998pt}.

[27 <./images/screenshort26.png> <./images/screenshort27.png>]
<./images/screenshort29.png, id=275, 1056.94875pt x 384.6872pt>
File: ./images/screenshort29.png Graphic file (type png)
<use ./images/screenshort29.png>
Package pdftex.def Info: ./images/screenshort29.png  used on input line 682.
(pdftex.def)             Requested size: 395.98996pt x 144.12233pt.
<./images/screenshort28.png, id=276, 1056.94875pt x 384.6872pt>
File: ./images/screenshort28.png Graphic file (type png)
<use ./images/screenshort28.png>
Package pdftex.def Info: ./images/screenshort28.png  used on input line 689.
(pdftex.def)             Requested size: 375.14705pt x 136.53848pt.
<./images/screenshort31.png, id=277, 764.8575pt x 589.4522pt>
File: ./images/screenshort31.png Graphic file (type png)
<use ./images/screenshort31.png>
Package pdftex.def Info: ./images/screenshort31.png  used on input line 696.
(pdftex.def)             Requested size: 395.98996pt x 305.17676pt.


Package fancyhdr Warning: \headheight is too small (12.0pt): 
(fancyhdr)                Make it at least 14.49998pt, for example:
(fancyhdr)                \setlength{\headheight}{14.49998pt}.
(fancyhdr)                You might also make \topmargin smaller:
(fancyhdr)                \addtolength{\topmargin}{-2.49998pt}.

[28 <./images/screenshort30.png> <./images/screenshort29.png> <./images/screenshort28.png>]
<./images/screenshort32.png, id=288, 752.8125pt x 443.40656pt>
File: ./images/screenshort32.png Graphic file (type png)
<use ./images/screenshort32.png>
Package pdftex.def Info: ./images/screenshort32.png  used on input line 703.
(pdftex.def)             Requested size: 395.98996pt x 233.24524pt.
<./images/screenshort33.png, id=289, 752.8125pt x 443.40656pt>
File: ./images/screenshort33.png Graphic file (type png)
<use ./images/screenshort33.png>
Package pdftex.def Info: ./images/screenshort33.png  used on input line 710.
(pdftex.def)             Requested size: 395.98996pt x 233.24524pt.


Package fancyhdr Warning: \headheight is too small (12.0pt): 
(fancyhdr)                Make it at least 14.49998pt, for example:
(fancyhdr)                \setlength{\headheight}{14.49998pt}.
(fancyhdr)                You might also make \topmargin smaller:
(fancyhdr)                \addtolength{\topmargin}{-2.49998pt}.

[29 <./images/screenshort31.png> <./images/screenshort32.png>]
<./images/screenshort34.png, id=298, 285.31593pt x 170.13562pt>
File: ./images/screenshort34.png Graphic file (type png)
<use ./images/screenshort34.png>
Package pdftex.def Info: ./images/screenshort34.png  used on input line 717.
(pdftex.def)             Requested size: 395.98996pt x 236.13214pt.


Package fancyhdr Warning: \headheight is too small (12.0pt): 
(fancyhdr)                Make it at least 14.49998pt, for example:
(fancyhdr)                \setlength{\headheight}{14.49998pt}.
(fancyhdr)                You might also make \topmargin smaller:
(fancyhdr)                \addtolength{\topmargin}{-2.49998pt}.

[30 <./images/screenshort33.png> <./images/screenshort34.png>]

Package fancyhdr Warning: \headheight is too small (12.0pt): 
(fancyhdr)                Make it at least 14.49998pt, for example:
(fancyhdr)                \setlength{\headheight}{14.49998pt}.
(fancyhdr)                You might also make \topmargin smaller:
(fancyhdr)                \addtolength{\topmargin}{-2.49998pt}.

[31]

Package fancyhdr Warning: \headheight is too small (12.0pt): 
(fancyhdr)                Make it at least 14.49998pt, for example:
(fancyhdr)                \setlength{\headheight}{14.49998pt}.
(fancyhdr)                You might also make \topmargin smaller:
(fancyhdr)                \addtolength{\topmargin}{-2.49998pt}.

[32]

Package fancyhdr Warning: \headheight is too small (12.0pt): 
(fancyhdr)                Make it at least 14.49998pt, for example:
(fancyhdr)                \setlength{\headheight}{14.49998pt}.
(fancyhdr)                You might also make \topmargin smaller:
(fancyhdr)                \addtolength{\topmargin}{-2.49998pt}.

[33]

Package fancyhdr Warning: \headheight is too small (12.0pt): 
(fancyhdr)                Make it at least 14.49998pt, for example:
(fancyhdr)                \setlength{\headheight}{14.49998pt}.
(fancyhdr)                You might also make \topmargin smaller:
(fancyhdr)                \addtolength{\topmargin}{-2.49998pt}.

[34]

Package fancyhdr Warning: \headheight is too small (12.0pt): 
(fancyhdr)                Make it at least 14.49998pt, for example:
(fancyhdr)                \setlength{\headheight}{14.49998pt}.
(fancyhdr)                You might also make \topmargin smaller:
(fancyhdr)                \addtolength{\topmargin}{-2.49998pt}.

[35] (./diabetes_report.bbl)

Package natbib Warning: There were undefined citations.

(./diabetes_report.aux)
 ***********
LaTeX2e <2025-11-01>
L3 programming layer <2026-01-19>
 ***********


LaTeX Warning: There were undefined references.


LaTeX Warning: Label(s) may have changed. Rerun to get cross-references right.


Package rerunfilecheck Warning: File `diabetes_report.out' has changed.
(rerunfilecheck)                Rerun to get outlines right
(rerunfilecheck)                or use package `bookmark'.

Package rerunfilecheck Info: Checksums for `diabetes_report.out':
(rerunfilecheck)             Before: <no file>
(rerunfilecheck)             After:  F35B5355ED3ABA65AAD58ADB08F56BFA;10006.
 ) 
Here is how much of TeX's memory you used:
 15483 strings out of 469438
 245524 string characters out of 5468411
 848425 words of memory out of 5000000
 43827 multiletter control sequences out of 15000+600000
 651107 words of font info for 67 fonts, out of 8000000 for 9000
 59 hyphenation exceptions out of 8191
 69i,16n,83p,3194b,512s stack positions out of 10000i,1000n,20000p,200000b,200000s
</usr/share/texlive/texmf-dist/fonts/type1/public/amsfonts/cm/cmmi12.pfb></usr/share/texlive/texmf-dist/fonts/type1/public/amsfonts/cm/cmr12.pfb></usr/share/texlive/texmf-dist/fonts/type1/public/amsfonts/cm/cmr8.pfb></usr/share/texlive/texmf-dist/fonts/type1/public/amsfonts/cm/cmsy10.pfb></usr/share/texlive/texmf-dist/fonts/type1/urw/times/utmb8a.pfb></usr/share/texlive/texmf-dist/fonts/type1/urw/times/utmr8a.pfb></usr/share/texlive/texmf-dist/fonts/type1/urw/times/utmri8a.pfb>
Output written on diabetes_report.pdf (40 pages, 2624619 bytes).
PDF statistics:
 397 PDF objects out of 1000 (max. 8388607)
 268 compressed objects within 3 object streams
 126 named destinations out of 1000 (max. 500000)
 176 words of extra memory for PDF output out of 10000 (max. 10000000)

